<?xml version="1.0" encoding="UTF-8"?>
<!-- Generated by org.testng.reporters.JUnitXMLReporter -->
<testsuite ignored="0" hostname="LAPTOP-V6ACL8BL" failures="0" tests="3" name="smoke" time="35.909" errors="0" timestamp="2026-03-17T14:17:24 GMT-04:00">
  <testcase classname="com.testing.sedtproject.SixthQuestion" name="verifyNavigationAndClick" time="5.942"/>
  <testcase classname="com.testing.sedtproject.SixthQuestion" name="switchWindow" time="6.594"/>
  <testcase classname="com.testing.sedtproject.SixthQuestion" name="verifyErrorMessage" time="7.176"/>
</testsuite> <!-- smoke -->
