<?xml version="1.0" encoding="UTF-8"?>
<!-- Generated by org.testng.reporters.JUnitXMLReporter -->
<testsuite ignored="1" hostname="LAPTOP-V6ACL8BL" failures="2" tests="2" name="RegressionTests" time="2.537" errors="0" timestamp="2026-03-17T13:57:31 GMT-04:00">
  <testcase classname="com.testing.sedtproject.SixthQuestion" name="@AfterClass tearDown" time="0.001">
    <failure type="java.lang.NullPointerException" message="Cannot invoke &amp;quot;org.openqa.selenium.WebDriver.quit()&amp;quot; because &amp;quot;this.driver&amp;quot; is null">
      <![CDATA[java.lang.NullPointerException: Cannot invoke "org.openqa.selenium.WebDriver.quit()" because "this.driver" is null
at com.testing.sedtproject.SixthQuestion.tearDown(SixthQuestion.java:106)
at java.base/java.util.ArrayList.forEach(ArrayList.java:1511)
... Removed 25 stack frames]]>
    </failure>
  </testcase> <!-- @AfterClass tearDown -->
  <testcase classname="com.testing.sedtproject.SixthQuestion" name="switchWindow" time="0.014">
    <failure type="java.lang.NullPointerException" message="Cannot invoke &amp;quot;org.openqa.selenium.WebDriver.findElement(org.openqa.selenium.By)&amp;quot; because &amp;quot;this.driver&amp;quot; is null">
      <![CDATA[java.lang.NullPointerException: Cannot invoke "org.openqa.selenium.WebDriver.findElement(org.openqa.selenium.By)" because "this.driver" is null
at com.testing.sedtproject.SixthQuestion.switchWindow(SixthQuestion.java:48)
at java.base/java.util.ArrayList.forEach(ArrayList.java:1511)
... Removed 27 stack frames]]>
    </failure>
  </testcase> <!-- switchWindow -->
  <testcase classname="com.testing.sedtproject.SixthQuestion" name="verifyErrorMessage" time="0.012">
    <failure type="java.lang.NullPointerException" message="Cannot invoke &amp;quot;org.openqa.selenium.WebDriver.getWindowHandle()&amp;quot; because &amp;quot;this.driver&amp;quot; is null">
      <![CDATA[java.lang.NullPointerException: Cannot invoke "org.openqa.selenium.WebDriver.getWindowHandle()" because "this.driver" is null
at com.testing.sedtproject.SixthQuestion.verifyErrorMessage(SixthQuestion.java:61)
at java.base/java.util.ArrayList.forEach(ArrayList.java:1511)
... Removed 27 stack frames]]>
    </failure>
  </testcase> <!-- verifyErrorMessage -->
  <testcase classname="com.testing.sedtproject.SixthQuestion" name="verifyNavigationAndClick" time="0.0">
    <ignored/>
  </testcase> <!-- verifyNavigationAndClick -->
</testsuite> <!-- RegressionTests -->
