<?xml version="1.0" encoding="UTF-8"?>
<!-- Generated by org.testng.reporters.JUnitXMLReporter -->
<testsuite ignored="0" hostname="LAPTOP-V6ACL8BL" failures="0" tests="3" name="smoke" time="73.269" errors="0" timestamp="2026-03-17T15:43:22 GMT-04:00">
  <testcase classname="com.testing.sedtproject.SixthQuestion" name="verifyNavigationAndClick" time="4.759"/>
  <testcase classname="com.testing.sedtproject.SixthQuestion" name="switchWindow" time="39.953"/>
  <testcase classname="com.testing.sedtproject.SixthQuestion" name="verifyErrorMessage" time="19.427"/>
</testsuite> <!-- smoke -->
