<?xml version="1.0" encoding="UTF-8"?>
<testng-results ignored="0" total="1" passed="1" failed="0" skipped="0">
  <reporter-output>
  </reporter-output>
  <suite started-at="2026-03-25T23:33:40 GMT-04:00" name="Suite" finished-at="2026-03-25T23:33:52 GMT-04:00" duration-ms="11827">
    <groups>
    </groups>
    <test started-at="2026-03-25T23:33:40 GMT-04:00" name="WordPress Tests" finished-at="2026-03-25T23:33:52 GMT-04:00" duration-ms="11827">
      <class name="tests.WordPressTest">
        <test-method is-config="true" signature="launchBrowser()[pri:0, instance:tests.WordPressTest@5ba3f27a]" started-at="2026-03-25T23:33:40 GMT-04:00" name="launchBrowser" finished-at="2026-03-25T23:33:44 GMT-04:00" duration-ms="4019" status="PASS">
          <reporter-output>
          </reporter-output>
        </test-method> <!-- launchBrowser -->
        <test-method is-config="true" signature="setUp()[pri:0, instance:tests.WordPressTest@5ba3f27a]" started-at="2026-03-25T23:33:44 GMT-04:00" name="setUp" finished-at="2026-03-25T23:33:46 GMT-04:00" duration-ms="1728" status="PASS">
          <reporter-output>
          </reporter-output>
        </test-method> <!-- setUp -->
        <test-method signature="wordpressMiniProject()[pri:0, instance:tests.WordPressTest@5ba3f27a]" started-at="2026-03-25T23:33:46 GMT-04:00" name="wordpressMiniProject" finished-at="2026-03-25T23:33:51 GMT-04:00" duration-ms="5251" status="PASS">
          <reporter-output>
          </reporter-output>
        </test-method> <!-- wordpressMiniProject -->
        <test-method is-config="true" signature="closeBrowser()[pri:0, instance:tests.WordPressTest@5ba3f27a]" started-at="2026-03-25T23:33:51 GMT-04:00" name="closeBrowser" finished-at="2026-03-25T23:33:52 GMT-04:00" duration-ms="787" status="PASS">
          <reporter-output>
          </reporter-output>
        </test-method> <!-- closeBrowser -->
        <test-method is-config="true" signature="quitBrowser()[pri:0, instance:tests.WordPressTest@5ba3f27a]" started-at="2026-03-25T23:33:52 GMT-04:00" name="quitBrowser" finished-at="2026-03-25T23:33:52 GMT-04:00" duration-ms="0" status="PASS">
          <reporter-output>
          </reporter-output>
        </test-method> <!-- quitBrowser -->
      </class> <!-- tests.WordPressTest -->
    </test> <!-- WordPress Tests -->
  </suite> <!-- Suite -->
</testng-results>
