<?xml version="1.0" encoding="UTF-8"?>
<testng-results ignored="0" total="1" passed="1" failed="0" skipped="0">
  <reporter-output>
  </reporter-output>
  <suite started-at="2026-03-27T22:42:48 GMT-04:00" name="Default suite" finished-at="2026-03-27T22:43:00 GMT-04:00" duration-ms="11682">
    <groups>
      <group name="cucumber">
        <method signature="AbstractTestNGCucumberTests.runScenario(io.cucumber.testng.PickleWrapper,io.cucumber.testng.FeatureWrapper)[pri:0, instance:runners.TestRunner@692f203f]" name="runScenario" class="io.cucumber.testng.AbstractTestNGCucumberTests"/>
      </group> <!-- cucumber -->
    </groups>
    <test started-at="2026-03-27T22:42:48 GMT-04:00" name="Default test" finished-at="2026-03-27T22:43:00 GMT-04:00" duration-ms="11682">
      <class name="runners.TestRunner">
        <test-method is-config="true" signature="setUpClass(org.testng.ITestContext)[pri:0, instance:runners.TestRunner@692f203f]" started-at="2026-03-27T22:42:48 GMT-04:00" name="setUpClass" finished-at="2026-03-27T22:42:49 GMT-04:00" duration-ms="604" status="PASS">
          <params>
            <param index="0">
              <value>
                <![CDATA[org.testng.TestRunner@33db72bd]]>
              </value>
            </param>
          </params>
          <reporter-output>
          </reporter-output>
        </test-method> <!-- setUpClass -->
        <test-method signature="runScenario(io.cucumber.testng.PickleWrapper,io.cucumber.testng.FeatureWrapper)[pri:0, instance:runners.TestRunner@692f203f]" started-at="2026-03-27T22:42:49 GMT-04:00" name="runScenario" description="Runs Cucumber Scenarios" data-provider="scenarios" finished-at="2026-03-27T22:43:00 GMT-04:00" duration-ms="10980" status="PASS">
          <params>
            <param index="0">
              <value>
                <![CDATA["Verify WordPress navigation and photo search"]]>
              </value>
            </param>
            <param index="1">
              <value>
                <![CDATA["WordPress Photo Directory Search"]]>
              </value>
            </param>
          </params>
          <reporter-output>
          </reporter-output>
        </test-method> <!-- runScenario -->
        <test-method is-config="true" signature="tearDownClass()[pri:0, instance:runners.TestRunner@692f203f]" started-at="2026-03-27T22:43:00 GMT-04:00" name="tearDownClass" finished-at="2026-03-27T22:43:00 GMT-04:00" duration-ms="41" status="PASS">
          <reporter-output>
          </reporter-output>
        </test-method> <!-- tearDownClass -->
      </class> <!-- runners.TestRunner -->
    </test> <!-- Default test -->
  </suite> <!-- Default suite -->
</testng-results>
