<?xml version="1.0" encoding="UTF-8"?>
<testng-results ignored="0" total="1" passed="1" failed="0" skipped="0">
  <reporter-output>
  </reporter-output>
  <suite started-at="2026-03-17T00:02:58 GMT-04:00" name="Default suite" finished-at="2026-03-17T00:03:29 GMT-04:00" duration-ms="31265">
    <groups>
    </groups>
    <test started-at="2026-03-17T00:02:58 GMT-04:00" name="Default test" finished-at="2026-03-17T00:03:29 GMT-04:00" duration-ms="31265">
      <class name="com.testing.sedtproject.FifthQuestion">
        <test-method signature="laumchBrowser()[pri:0, instance:com.testing.sedtproject.FifthQuestion@6e0f5f7f]" started-at="2026-03-17T00:02:58 GMT-04:00" name="laumchBrowser" finished-at="2026-03-17T00:03:29 GMT-04:00" duration-ms="31186" status="PASS">
          <reporter-output>
          </reporter-output>
        </test-method> <!-- laumchBrowser -->
      </class> <!-- com.testing.sedtproject.FifthQuestion -->
    </test> <!-- Default test -->
  </suite> <!-- Default suite -->
</testng-results>
