<?xml version="1.0" encoding="UTF-8"?>
<!-- Generated by org.testng.reporters.JUnitReportReporter -->
<testsuite hostname="LAPTOP-V6ACL8BL" failures="0" tests="3" name="com.testing.sedtproject.SixthQuestion" time="16.815" errors="0" timestamp="2026-03-17T23:15:59 GMT-04:00" skipped="0">
  <testcase classname="com.testing.sedtproject.SixthQuestion" name="verifyNavigationAndClick" time="5.766"/>
  <system-out/>
  <testcase classname="com.testing.sedtproject.SixthQuestion" name="switchWindow" time="4.713"/>
  <system-out/>
  <testcase classname="com.testing.sedtproject.SixthQuestion" name="verifyErrorMessage" time="6.336"/>
  <system-out/>
</testsuite> <!-- com.testing.sedtproject.SixthQuestion -->
