<?xml version="1.0" encoding="UTF-8"?>
<!-- Generated by org.testng.reporters.JUnitReportReporter -->
<testsuite hostname="LAPTOP-V6ACL8BL" failures="0" tests="3" name="com.testing.sedtproject.SixthQuestion" time="19.712" errors="0" timestamp="2026-03-17T14:17:25 GMT-04:00" skipped="0">
  <testcase classname="com.testing.sedtproject.SixthQuestion" name="verifyNavigationAndClick" time="5.942"/>
  <system-out/>
  <testcase classname="com.testing.sedtproject.SixthQuestion" name="switchWindow" time="6.594"/>
  <system-out/>
  <testcase classname="com.testing.sedtproject.SixthQuestion" name="verifyErrorMessage" time="7.176"/>
  <system-out/>
</testsuite> <!-- com.testing.sedtproject.SixthQuestion -->
